C51 COMPILER V9.54   LED                                                                   05/12/2019 17:55:20 PAGE 1   


C51 COMPILER V9.54, COMPILATION OF MODULE LED
OBJECT MODULE PLACED IN .\Objects\led.obj
COMPILER INVOKED BY: C:\Keil_v5\C51\BIN\C51.EXE src\C\led.c OPTIMIZE(8,SPEED) BROWSE INCDIR(.\src\H;.\src\H) DEBUG OBJEC
                    -TEXTEND PRINT(.\Listings\led.lst) TABS(2) OBJECT(.\Objects\led.obj)

line level    source

   1          #include "reg52.h"
   2          #include "led.h"
   3          typedef unsigned int u16;   
   4          typedef unsigned char u8;
   5          
   6          sbit led=P2^1;     
   7          void Ldelay(u16 i)
   8          {
   9   1        while(i--); 
  10   1      }
  11          
  12          void Led()
  13          {
  14   1        led=0;
  15   1        Ldelay(50000); 
  16   1        led=1;
  17   1        Ldelay(50000); 
  18   1      }
  19          
  20          


MODULE INFORMATION:   STATIC OVERLAYABLE
   CODE SIZE        =     29    ----
   CONSTANT SIZE    =   ----    ----
   XDATA SIZE       =   ----    ----
   PDATA SIZE       =   ----    ----
   DATA SIZE        =   ----    ----
   IDATA SIZE       =   ----    ----
   BIT SIZE         =   ----    ----
END OF MODULE INFORMATION.


C51 COMPILATION COMPLETE.  0 WARNING(S),  0 ERROR(S)
