C51 COMPILER V9.54   GAS                                                                   05/11/2019 17:25:02 PAGE 1   


C51 COMPILER V9.54, COMPILATION OF MODULE GAS
OBJECT MODULE PLACED IN .\Objects\gas.obj
COMPILER INVOKED BY: C:\Keil_v5\C51\BIN\C51.EXE code\src\gas.c OPTIMIZE(8,SPEED) BROWSE INCDIR(.\code\hea) DEBUG OBJECTE
                    -XTEND PRINT(.\Listings\gas.lst) TABS(2) OBJECT(.\Objects\gas.obj)

line level    source

   1          #include <reg52.h> // 库文件
   2          #include <gas.h> // 库文件
   3          #define uchar unsigned char// 宏定义无符号字符型
   4          #define uint unsigned int // 宏定义无符号整型
   5          
   6          /********************************************************************
   7          I/O 定义
   8          *********************************************************************/
   9          sbit LED=P1^0; // 定义单片机P1 口的第1 位（即P1.0 ）为指示端
  10          sbit DOUT=P2^0; // 定义单片机P2 口的第1 位（即P2.0 ）为传感器的输入端
  11          int flag;
  12          /********************************************************************
  13          延时函数
  14          *********************************************************************/
  15          void Gdelay()// 延时程序
  16          {
  17   1        uchar m,n,s;
  18   1        for(m=20;m>0;m--)
  19   1        for(n=20;n>0;n--)
  20   1        for(s=248;s>0;s--);
  21   1      }
  22          /********************************************************************
  23          函数
  24          *********************************************************************/
  25          int Gas()
  26          {
  27   1          flag =0; // 熄灭P1.0 口灯
  28   1          if(DOUT==0)// 当浓度高于设定值时，执行条件函数
  29   1          {
  30   2            Gdelay();// 延时抗干扰
  31   2            if(DOUT==0)// 确定浓度高于设定值时，执行条件函数
  32   2            {
  33   3              flag =1; // 点亮P1.0 口灯
  34   3            }
  35   2          }
  36   1          return flag;
  37   1      }


MODULE INFORMATION:   STATIC OVERLAYABLE
   CODE SIZE        =     37    ----
   CONSTANT SIZE    =   ----    ----
   XDATA SIZE       =   ----    ----
   PDATA SIZE       =   ----    ----
   DATA SIZE        =      2    ----
   IDATA SIZE       =   ----    ----
   BIT SIZE         =   ----    ----
END OF MODULE INFORMATION.


C51 COMPILATION COMPLETE.  0 WARNING(S),  0 ERROR(S)
