C51 COMPILER V9.54   LED                                                                   05/11/2019 17:25:02 PAGE 1   


C51 COMPILER V9.54, COMPILATION OF MODULE LED
OBJECT MODULE PLACED IN .\Objects\led.obj
COMPILER INVOKED BY: C:\Keil_v5\C51\BIN\C51.EXE code\src\led.c OPTIMIZE(8,SPEED) BROWSE INCDIR(.\code\hea) DEBUG OBJECTE
                    -XTEND PRINT(.\Listings\led.lst) TABS(2) OBJECT(.\Objects\led.obj)

line level    source

   1          #include "reg52.h"
   2          
   3          typedef unsigned int u16;   
   4          typedef unsigned char u8;
   5          
   6          sbit led=P2^0;     
   7          void Ldelay(u16 i)
   8          {
   9   1        while(i--); 
  10   1      }
  11          void Led()
  12          {
  13   1        led=0;
  14   1        Ldelay(50000); 
  15   1      }
  16          void LedC()
  17          {
  18   1        led=1;
  19   1        Ldelay(50000); 
  20   1      }
  21          


MODULE INFORMATION:   STATIC OVERLAYABLE
   CODE SIZE        =     29    ----
   CONSTANT SIZE    =   ----    ----
   XDATA SIZE       =   ----    ----
   PDATA SIZE       =   ----    ----
   DATA SIZE        =   ----    ----
   IDATA SIZE       =   ----    ----
   BIT SIZE         =   ----    ----
END OF MODULE INFORMATION.


C51 COMPILATION COMPLETE.  0 WARNING(S),  0 ERROR(S)
