C51 COMPILER V9.54   MAIN                                                                  05/11/2019 17:25:02 PAGE 1   


C51 COMPILER V9.54, COMPILATION OF MODULE MAIN
OBJECT MODULE PLACED IN .\Objects\main.obj
COMPILER INVOKED BY: C:\Keil_v5\C51\BIN\C51.EXE code\src\main.c OPTIMIZE(8,SPEED) BROWSE INCDIR(.\code\hea) DEBUG OBJECT
                    -EXTEND PRINT(.\Listings\main.lst) TABS(2) OBJECT(.\Objects\main.obj)

line level    source

   1          #include "reg52.h"
   2          #include "delay.h"
   3          #include "wifiSent.h"
   4          #define uint unsigned int
   5          #define uchar unsigned char
   6          
   7          
   8            
   9          void ms_delay(uint t)
  10          {
  11   1        uint i,j;
  12   1        for(i=t;i>=0;i--)
  13   1        for(j=110;j>=0;j--);
  14   1       }
  15            
  16          void us_delay(uchar t)
  17           {
  18   1        while(t--);
  19   1       }
  20          void Send_Uart(uchar value)
  21          {
  22   1        ES=0; 
  23   1        TI=0; 
  24   1        SBUF=value; 
  25   1        while(TI==0);  
  26   1        TI=0; 
  27   1        ES=1; 
  28   1       }
  29            
  30          void Tranfer(uchar *puf)
  31          {
  32   1        while(*puf!='\0') 
  33   1        {
  34   2        Send_Uart(*puf); 
  35   2        us_delay(5);
  36   2        puf++;
  37   2        }
  38   1        us_delay(5);
  39   1        Send_Uart('\r');
  40   1        us_delay(5);
  41   1        Send_Uart('\n'); 
  42   1        ms_delay(1000);
  43   1      } 
  44          
  45          void xinit(void)
  46          { 
  47   1        Tranfer("AT+CIPSEND=5");
  48   1        Delay2(1000);
  49   1        Tranfer("AT+CIPSEND=5");
  50   1        Delay2(1000);
  51   1        Tranfer("AT+CIPSEND=5");
  52   1        Delay2(1000);
  53   1        Tranfer("AT+CIPSEND=5");
  54   1        Delay2(1000);
C51 COMPILER V9.54   MAIN                                                                  05/11/2019 17:25:02 PAGE 2   

  55   1        Tranfer("AT+CIPSEND=5");
  56   1        Delay2(1000);
  57   1        Tranfer("AT+CIPSEND=5");
  58   1        Delay2(1000);
  59   1      }
  60          int main(void)
  61          {
  62   1        xinit();
  63   1        return 0;
  64   1      }


MODULE INFORMATION:   STATIC OVERLAYABLE
   CODE SIZE        =    197    ----
   CONSTANT SIZE    =     13    ----
   XDATA SIZE       =   ----    ----
   PDATA SIZE       =   ----    ----
   DATA SIZE        =   ----    ----
   IDATA SIZE       =   ----    ----
   BIT SIZE         =   ----    ----
END OF MODULE INFORMATION.


C51 COMPILATION COMPLETE.  0 WARNING(S),  0 ERROR(S)
