C51 COMPILER V9.54   WIFISENT                                                              05/11/2019 17:25:02 PAGE 1   


C51 COMPILER V9.54, COMPILATION OF MODULE WIFISENT
OBJECT MODULE PLACED IN .\Objects\wifiSent.obj
COMPILER INVOKED BY: C:\Keil_v5\C51\BIN\C51.EXE code\src\wifiSent.c OPTIMIZE(8,SPEED) BROWSE INCDIR(.\code\hea) DEBUG OB
                    -JECTEXTEND PRINT(.\Listings\wifiSent.lst) TABS(2) OBJECT(.\Objects\wifiSent.obj)

line level    source

   1          #include <reg52.h>
   2          #include <fire.h>
   3          #include <gas.h>
   4          #include <wifiSent.h>
   5          #include <ctype.h>
   6          #include "delay.h"
   7          #include "hc.h"
   8          #define uchar unsigned char
   9          #define uint unsigned int
  10            
  11          
  12          
  13          void Tranfer1(uchar *s)
  14          {
  15   1         while(*s!='\0')
  16   1         {
  17   2           SBUF= toascii(*s);
  18   2         while(!TI);
  19   2         TI=0;
  20   2           s++;
  21   2         Delay2(1);
  22   2         }
  23   1      }            
  24          
  25          void client_init(void)
  26          {
  27   1        Delay2(1000);
  28   1        Tranfer1("AT+CWMODE=1\r\n");
  29   1        Delay2(1000);
  30   1        Tranfer1("AT+RST\r\n");
  31   1        Delay2(2000);
  32   1        Tranfer1("AT+CWJAP=\"PtrtoNull\",\"a1234567\"\r\n");
  33   1        Delay2(10000);
  34   1        Tranfer1("AT+CIPSTART=\"TCP\",\"192.168.4.1\",5000\r\n");
  35   1        Delay2(3000);
  36   1      }
  37          
  38          void send_message(void)
  39          {
  40   1        Tranfer1("AT+CIPSEND=4");
  41   1        Delay2(1000);
  42   1      }


MODULE INFORMATION:   STATIC OVERLAYABLE
   CODE SIZE        =    162    ----
   CONSTANT SIZE    =    109    ----
   XDATA SIZE       =   ----    ----
   PDATA SIZE       =   ----    ----
   DATA SIZE        =   ----       3
   IDATA SIZE       =   ----    ----
   BIT SIZE         =   ----    ----
END OF MODULE INFORMATION.


C51 COMPILATION COMPLETE.  0 WARNING(S),  0 ERROR(S)
