C51 COMPILER V9.54   WIFIRECEIVE                                                           05/11/2019 17:25:02 PAGE 1   


C51 COMPILER V9.54, COMPILATION OF MODULE WIFIRECEIVE
OBJECT MODULE PLACED IN .\Objects\wifiReceive.obj
COMPILER INVOKED BY: C:\Keil_v5\C51\BIN\C51.EXE code\src\wifiReceive.c OPTIMIZE(8,SPEED) BROWSE INCDIR(.\code\hea) DEBUG
                    - OBJECTEXTEND PRINT(.\Listings\wifiReceive.lst) TABS(2) OBJECT(.\Objects\wifiReceive.obj)

line level    source

   1          #include <reg52.h>
   2          #include <fire.h>
   3          #include <gas.h>
   4          #include <wifiReceive.h>
   5          
   6          #define uchar unsigned char
   7          #define uint unsigned int
   8          
   9          
  10          void ReceiveValue()
  11          {
  12   1        
  13   1      }


MODULE INFORMATION:   STATIC OVERLAYABLE
   CODE SIZE        =      1    ----
   CONSTANT SIZE    =   ----    ----
   XDATA SIZE       =   ----    ----
   PDATA SIZE       =   ----    ----
   DATA SIZE        =   ----    ----
   IDATA SIZE       =   ----    ----
   BIT SIZE         =   ----    ----
END OF MODULE INFORMATION.


C51 COMPILATION COMPLETE.  0 WARNING(S),  0 ERROR(S)
