Removed Pin From Net: NetName=VCC Pin=C02-1
Removed Pin From Net: NetName=GND Pin=C02-2
Removed Pin From Net: NetName=VCC Pin=LED00-1
Removed Pin From Net: NetName=VCC Pin=LED01-1
Removed Pin From Net: NetName=VCC Pin=LED03-1
Removed Pin From Net: NetName=VCC Pin=LED04-1
Removed Pin From Net: NetName=GND Pin=P01-1
Removed Pin From Net: NetName=ECHO1 Pin=P01-2
Removed Pin From Net: NetName=P37 Pin=P01-3
Removed Pin From Net: NetName=VCC Pin=P01-4
Removed Pin From Net: NetName=GND Pin=P02-1
Removed Pin From Net: NetName=ECHO2 Pin=P02-2
Removed Pin From Net: NetName=P37 Pin=P02-3
Removed Pin From Net: NetName=VCC Pin=P02-4
Removed Pin From Net: NetName=GND Pin=P03-1
Removed Pin From Net: NetName=ECHO3 Pin=P03-2
Removed Pin From Net: NetName=P37 Pin=P03-3
Removed Pin From Net: NetName=VCC Pin=P03-4
Removed Pin From Net: NetName=GND Pin=P04-1
Removed Pin From Net: NetName=ECHO4 Pin=P04-2
Removed Pin From Net: NetName=P37 Pin=P04-3
Removed Pin From Net: NetName=VCC Pin=P04-4
Removed Pin From Net: NetName=P21 Pin=R00-2
Removed Pin From Net: NetName=P20 Pin=R01-2
Removed Pin From Net: NetName=P17 Pin=R03-2
Removed Pin From Net: NetName=P16 Pin=R04-2
Removed Member From Class: ClassName=³¬Éù²¨³µÎ»¼ì²â Member=C02
Removed Member From Class: ClassName=³¬Éù²¨³µÎ»¼ì²â Member=LED00
Removed Member From Class: ClassName=³¬Éù²¨³µÎ»¼ì²â Member=LED01
Removed Member From Class: ClassName=³¬Éù²¨³µÎ»¼ì²â Member=LED03
Removed Member From Class: ClassName=³¬Éù²¨³µÎ»¼ì²â Member=LED04
Removed Member From Class: ClassName=³¬Éù²¨³µÎ»¼ì²â Member=P01
Removed Member From Class: ClassName=³¬Éù²¨³µÎ»¼ì²â Member=P02
Removed Member From Class: ClassName=³¬Éù²¨³µÎ»¼ì²â Member=P03
Removed Member From Class: ClassName=³¬Éù²¨³µÎ»¼ì²â Member=P04
Removed Member From Class: ClassName=³¬Éù²¨³µÎ»¼ì²â Member=R00
Removed Member From Class: ClassName=³¬Éù²¨³µÎ»¼ì²â Member=R01
Removed Member From Class: ClassName=³¬Éù²¨³µÎ»¼ì²â Member=R03
Removed Member From Class: ClassName=³¬Éù²¨³µÎ»¼ì²â Member=R04
Added Room: Name=³¬Éù²¨³µÎ»¼ì²â
