C51 COMPILER V9.54   SIM900A                                                               04/27/2019 18:15:08 PAGE 1   


C51 COMPILER V9.54, COMPILATION OF MODULE SIM900A
OBJECT MODULE PLACED IN .\Objects\sim900a.obj
COMPILER INVOKED BY: C:\Keil_v5\C51\BIN\C51.EXE sim900a.c OPTIMIZE(8,SPEED) BROWSE INCDIR(.\src) DEBUG OBJECTEXTEND PRIN
                    -T(.\Listings\sim900a.lst) TABS(2) OBJECT(.\Objects\sim900a.obj)

line level    source

   1          #include <REG51.H>
   2          #include "sim900a.h"
   3          
   4          #define uchar unsigned char
   5          #define uint unsigned int
   6          //以下是板子上LED的配置，把Px_x改成自己对应的脚。
   7          //以下是你的51单片机的晶振大小
   8          #define FOSC_110592M
   9          //#define FOSC_12M
  10          
  11          //以下是开机后发送到手机的内容，发送的号码在程序中修改。
  12          uchar sms_text[] = "abc123";
  13            
  14          //注意，无论接收到信号还是发送完信号，都会进中断服务程序的
  15          /*初始化程序（必须使用，否则无法收发），次程序将会使用定时器1*/
  16          void SerialInti()//初始化程序（必须使用，否则无法收发）
  17          {
  18   1        TMOD=0x20;//定时器1操作模式2:8位自动重载定时器
  19   1      #ifdef FOSC_12M      //在这里根据晶振大小设置不同的数值初始化串口
                TH1=0xf3;//装入初值，波特率2400
                TL1=0xf3; 
              #else   
  23   1        TH1=0xfd;//装入初值，波特率9600
  24   1        TL1=0xfd;
  25   1      #endif //end of SOC_12M
  26   1        TR1=1;//打开定时器
  27   1        SM0=0;//设置串行通讯工作模式，（10为一部发送，波特率可变，由定时器1的溢出率控制）
  28   1        SM1=1;//(同上)在此模式下，定时器溢出一次就发送一个位的数据
  29   1        REN=1;//串行接收允许位（要先设置sm0sm1再开串行允许）
  30   1        EA=1;//开总中断
  31   1        ES=1;//开串行口中断 
  32   1      }
  33          
  34          void DelaySec(int sec)
  35          {
  36   1        uint i, j= 0;
  37   1        for(i=0; i<sec; i++)
  38   1        {
  39   2          for(j=0; j<65535; j++)
  40   2          { 
  41   3          }
  42   2        }
  43   1      }
  44          
  45          /*串行通讯中断，收发完成将进入该中断*/
  46          void Serial_interrupt() interrupt 4 
  47          {
  48   1      //  a=SBUF;
  49   1        P2=SBUF;
  50   1        RI=0;//接收中断信号清零，表示将继续接收
  51   1      //  flag=1;//进入中断的标志符号
  52   1      }
  53          
  54          void Uart1Send(uchar c)
C51 COMPILER V9.54   SIM900A                                                               04/27/2019 18:15:08 PAGE 2   

  55          {
  56   1        SBUF=c;
  57   1        while(!TI);//等待发送完成信号（TI=1）出现
  58   1        TI=0; 
  59   1      }
  60          
  61          //串行口连续发送char型数组，遇到终止号/0将停止
  62          void Uart1Sends(uchar *str)
  63          {
  64   1        while(*str!='\0')
  65   1        {
  66   2          SBUF=*str;
  67   2          while(!TI);//等待发送完成信号（TI=1）出现
  68   2          TI=0;
  69   2          str++;
  70   2        }
  71   1      }
  72          
  73          void sendMs(){
  74   1        Uart1Sends("AT+CSCS=\"GSM\"\r\n");
  75   1        DelaySec(3);//延时3秒
  76   1        Uart1Sends("AT+CMGF=1\r\n");
  77   1        DelaySec(3);//延时3秒
  78   1        Uart1Sends("AT+CMGS=\"13104610925\"\r\n");//此处修改为对方的电话号
  79   1        DelaySec(5);//延时3秒
  80   1        Uart1Sends(sms_text);//修改短信内容
  81   1        Uart1Send(0x1a);
  82   1        DelaySec(15);//延时20秒
  83   1      }


MODULE INFORMATION:   STATIC OVERLAYABLE
   CODE SIZE        =    176    ----
   CONSTANT SIZE    =     52    ----
   XDATA SIZE       =   ----    ----
   PDATA SIZE       =   ----    ----
   DATA SIZE        =      7       4
   IDATA SIZE       =   ----    ----
   BIT SIZE         =   ----    ----
END OF MODULE INFORMATION.


C51 COMPILATION COMPLETE.  0 WARNING(S),  0 ERROR(S)
