Removed Pin From Net: NetName=A Pin=R12-2
Removed Pin From Net: NetName=B Pin=R13-2
Removed Pin From Net: NetName=C Pin=R14-2
Removed Pin From Net: NetName=D Pin=R15-2
Removed Pin From Net: NetName=E Pin=R16-2
Removed Pin From Net: NetName=F Pin=R17-2
Removed Pin From Net: NetName=G Pin=R18-2
Removed Pin From Net: NetName=DP Pin=R19-2
Removed Member From Class: ClassName=³¬Éù²¨³µÎ»¼ì²â Member=R12
Removed Member From Class: ClassName=³¬Éù²¨³µÎ»¼ì²â Member=R13
Removed Member From Class: ClassName=³¬Éù²¨³µÎ»¼ì²â Member=R14
Removed Member From Class: ClassName=³¬Éù²¨³µÎ»¼ì²â Member=R15
Removed Member From Class: ClassName=³¬Éù²¨³µÎ»¼ì²â Member=R16
Removed Member From Class: ClassName=³¬Éù²¨³µÎ»¼ì²â Member=R17
Removed Member From Class: ClassName=³¬Éù²¨³µÎ»¼ì²â Member=R18
Removed Member From Class: ClassName=³¬Éù²¨³µÎ»¼ì²â Member=R19
Added Pin To Net: NetName=A Pin=P2-2
Added Pin To Net: NetName=B Pin=P2-3
Added Pin To Net: NetName=C Pin=P2-4
Added Pin To Net: NetName=D Pin=P2-5
Added Pin To Net: NetName=E Pin=P2-6
Added Pin To Net: NetName=F Pin=P2-7
Added Pin To Net: NetName=G Pin=P2-8
Added Pin To Net: NetName=DP Pin=P2-9
Added Pin To Net: NetName=DP Pin=U1-32
Added Pin To Net: NetName=G Pin=U1-33
Added Pin To Net: NetName=F Pin=U1-34
Added Pin To Net: NetName=E Pin=U1-35
Added Pin To Net: NetName=D Pin=U1-36
Added Pin To Net: NetName=C Pin=U1-37
Added Pin To Net: NetName=B Pin=U1-38
Added Pin To Net: NetName=A Pin=U1-39
Added Room: Name=³¬Éù²¨³µÎ»¼ì²â
