C51 COMPILER V9.54   THE_INFRARED_SENSORS                                                  04/27/2019 13:55:54 PAGE 1   


C51 COMPILER V9.54, COMPILATION OF MODULE THE_INFRARED_SENSORS
OBJECT MODULE PLACED IN the infrared sensors.OBJ
COMPILER INVOKED BY: C:\Keil_v5\C51\BIN\C51.EXE the infrared sensors.c OPTIMIZE(8,SPEED) DEBUG OBJECTEXTEND TABS(2)

line level    source

   1          #include<reg51.h>
   2          sbit HCR501 =P2^0;
   3          sbit LED =P1^0;
   4          void delay500ms(void) 
   5          {
   6   1        unsigned char a,b,c;
   7   1        for(c=23;c>0;c--){
   8   2          for(b=152;b>0;b--){
   9   3            for(a=70;a>0;a--){}
  10   3          }
  11   2        }
  12   1      }
  13          int main(void)
  14          {
  15   1        while(1)
  16   1        {
  17   2        delay500ms();
  18   2        if(HCR501 ==1)
  19   2        {
  20   3          LED=0;
  21   3        }
  22   2        else
  23   2        LED=1;
  24   2        } 
  25   1        return 0;
  26   1      }
  27          
  28          
  29          
  30          
  31          
  32          
  33          
  34          
  35          
  36          
  37          
  38          
*** WARNING C294 IN LINE 25 OF the infrared sensors.c: unreachable code


MODULE INFORMATION:   STATIC OVERLAYABLE
   CODE SIZE        =     27    ----
   CONSTANT SIZE    =   ----    ----
   XDATA SIZE       =   ----    ----
   PDATA SIZE       =   ----    ----
   DATA SIZE        =   ----    ----
   IDATA SIZE       =   ----    ----
   BIT SIZE         =   ----    ----
END OF MODULE INFORMATION.


C51 COMPILATION COMPLETE.  1 WARNING(S),  0 ERROR(S)
